This file contains any messages produced by compilers while
running configure, to aid debugging if configure makes a mistake.

It was created by GeoIP configure 1.5.0, which was
generated by GNU Autoconf 2.68.  Invocation command line was

  $ ./configure --no-create --no-recursion

## --------- ##
## Platform. ##
## --------- ##

hostname = shajf-108
uname -m = x86_64
uname -r = 3.13.0-24-generic
uname -s = Linux
uname -v = #46-Ubuntu SMP Thu Apr 10 19:11:08 UTC 2014

/usr/bin/uname -p = unknown
/bin/uname -X     = unknown

/bin/arch              = unknown
/usr/bin/arch -k       = unknown
/usr/convex/getsysinfo = unknown
/usr/bin/hostinfo      = unknown
/bin/machine           = unknown
/usr/bin/oslevel       = unknown
/bin/universe          = unknown

PATH: /usr/local/sbin
PATH: /usr/local/bin
PATH: /usr/sbin
PATH: /usr/bin
PATH: /sbin
PATH: /bin
PATH: /usr/games
PATH: /usr/local/games


## ----------- ##
## Core tests. ##
## ----------- ##

configure:2337: checking for gcc
configure:2353: found /usr/bin/gcc
configure:2364: result: gcc
configure:2593: checking for C compiler version
configure:2602: gcc --version >&5
gcc (Ubuntu 4.8.2-19ubuntu1) 4.8.2
Copyright (C) 2013 Free Software Foundation, Inc.
This is free software; see the source for copying conditions.  There is NO
warranty; not even for MERCHANTABILITY or FITNESS FOR A PARTICULAR PURPOSE.

configure:2613: $? = 0
configure:2602: gcc -v >&5
Using built-in specs.
COLLECT_GCC=gcc
COLLECT_LTO_WRAPPER=/usr/lib/gcc/x86_64-linux-gnu/4.8/lto-wrapper
Target: x86_64-linux-gnu
Configured with: ../src/configure -v --with-pkgversion='Ubuntu 4.8.2-19ubuntu1' --with-bugurl=file:///usr/share/doc/gcc-4.8/README.Bugs --enable-languages=c,c++,java,go,d,fortran,objc,obj-c++ --prefix=/usr --program-suffix=-4.8 --enable-shared --enable-linker-build-id --libexecdir=/usr/lib --without-included-gettext --enable-threads=posix --with-gxx-include-dir=/usr/include/c++/4.8 --libdir=/usr/lib --enable-nls --with-sysroot=/ --enable-clocale=gnu --enable-libstdcxx-debug --enable-libstdcxx-time=yes --enable-gnu-unique-object --disable-libmudflap --enable-plugin --with-system-zlib --disable-browser-plugin --enable-java-awt=gtk --enable-gtk-cairo --with-java-home=/usr/lib/jvm/java-1.5.0-gcj-4.8-amd64/jre --enable-java-home --with-jvm-root-dir=/usr/lib/jvm/java-1.5.0-gcj-4.8-amd64 --with-jvm-jar-dir=/usr/lib/jvm-exports/java-1.5.0-gcj-4.8-amd64 --with-arch-directory=amd64 --with-ecj-jar=/usr/share/java/eclipse-ecj.jar --enable-objc-gc --enable-multiarch --disable-werror --with-arch-32=i686 --with-abi=m64 --with-multilib-list=m32,m64,mx32 --with-tune=generic --enable-checking=release --build=x86_64-linux-gnu --host=x86_64-linux-gnu --target=x86_64-linux-gnu
Thread model: posix
gcc version 4.8.2 (Ubuntu 4.8.2-19ubuntu1) 
configure:2613: $? = 0
configure:2602: gcc -V >&5
gcc: error: unrecognized command line option '-V'
gcc: fatal error: no input files
compilation terminated.
configure:2613: $? = 4
configure:2602: gcc -qversion >&5
gcc: error: unrecognized command line option '-qversion'
gcc: fatal error: no input files
compilation terminated.
configure:2613: $? = 4
configure:2633: checking whether the C compiler works
configure:2655: gcc    conftest.c  >&5
configure:2659: $? = 0
configure:2707: result: yes
configure:2710: checking for C compiler default output file name
configure:2712: result: a.out
configure:2718: checking for suffix of executables
configure:2725: gcc -o conftest    conftest.c  >&5
configure:2729: $? = 0
configure:2751: result: 
configure:2773: checking whether we are cross compiling
configure:2781: gcc -o conftest    conftest.c  >&5
configure:2785: $? = 0
configure:2792: ./conftest
configure:2796: $? = 0
configure:2811: result: no
configure:2816: checking for suffix of object files
configure:2838: gcc -c   conftest.c >&5
configure:2842: $? = 0
configure:2863: result: o
configure:2867: checking whether we are using the GNU C compiler
configure:2886: gcc -c   conftest.c >&5
configure:2886: $? = 0
configure:2895: result: yes
configure:2904: checking whether gcc accepts -g
configure:2924: gcc -c -g  conftest.c >&5
configure:2924: $? = 0
configure:2965: result: yes
configure:2982: checking for gcc option to accept ISO C89
configure:3046: gcc  -c -g -O2  conftest.c >&5
configure:3046: $? = 0
configure:3059: result: none needed
configure:3085: checking how to run the C preprocessor
configure:3116: gcc -E  conftest.c
configure:3116: $? = 0
configure:3130: gcc -E  conftest.c
conftest.c:9:28: fatal error: ac_nonexistent.h: No such file or directory
 #include <ac_nonexistent.h>
                            ^
compilation terminated.
configure:3130: $? = 1
configure: failed program was:
| /* confdefs.h */
| #define PACKAGE_NAME "GeoIP"
| #define PACKAGE_TARNAME "GeoIP"
| #define PACKAGE_VERSION "1.5.0"
| #define PACKAGE_STRING "GeoIP 1.5.0"
| #define PACKAGE_BUGREPORT "support@maxmind.com"
| #define PACKAGE_URL ""
| /* end confdefs.h.  */
| #include <ac_nonexistent.h>
configure:3155: result: gcc -E
configure:3175: gcc -E  conftest.c
configure:3175: $? = 0
configure:3189: gcc -E  conftest.c
conftest.c:9:28: fatal error: ac_nonexistent.h: No such file or directory
 #include <ac_nonexistent.h>
                            ^
compilation terminated.
configure:3189: $? = 1
configure: failed program was:
| /* confdefs.h */
| #define PACKAGE_NAME "GeoIP"
| #define PACKAGE_TARNAME "GeoIP"
| #define PACKAGE_VERSION "1.5.0"
| #define PACKAGE_STRING "GeoIP 1.5.0"
| #define PACKAGE_BUGREPORT "support@maxmind.com"
| #define PACKAGE_URL ""
| /* end confdefs.h.  */
| #include <ac_nonexistent.h>
configure:3218: checking for grep that handles long lines and -e
configure:3276: result: /bin/grep
configure:3281: checking for egrep
configure:3343: result: /bin/grep -E
configure:3348: checking for ANSI C header files
configure:3368: gcc -c -g -O2  conftest.c >&5
configure:3368: $? = 0
configure:3441: gcc -o conftest -g -O2   conftest.c  >&5
configure:3441: $? = 0
configure:3441: ./conftest
configure:3441: $? = 0
configure:3452: result: yes
configure:3465: checking for sys/types.h
configure:3465: gcc -c -g -O2  conftest.c >&5
configure:3465: $? = 0
configure:3465: result: yes
configure:3465: checking for sys/stat.h
configure:3465: gcc -c -g -O2  conftest.c >&5
configure:3465: $? = 0
configure:3465: result: yes
configure:3465: checking for stdlib.h
configure:3465: gcc -c -g -O2  conftest.c >&5
configure:3465: $? = 0
configure:3465: result: yes
configure:3465: checking for string.h
configure:3465: gcc -c -g -O2  conftest.c >&5
configure:3465: $? = 0
configure:3465: result: yes
configure:3465: checking for memory.h
configure:3465: gcc -c -g -O2  conftest.c >&5
configure:3465: $? = 0
configure:3465: result: yes
configure:3465: checking for strings.h
configure:3465: gcc -c -g -O2  conftest.c >&5
configure:3465: $? = 0
configure:3465: result: yes
configure:3465: checking for inttypes.h
configure:3465: gcc -c -g -O2  conftest.c >&5
configure:3465: $? = 0
configure:3465: result: yes
configure:3465: checking for stdint.h
configure:3465: gcc -c -g -O2  conftest.c >&5
configure:3465: $? = 0
configure:3465: result: yes
configure:3465: checking for unistd.h
configure:3465: gcc -c -g -O2  conftest.c >&5
configure:3465: $? = 0
configure:3465: result: yes
configure:3478: checking minix/config.h usability
configure:3478: gcc -c -g -O2  conftest.c >&5
conftest.c:52:26: fatal error: minix/config.h: No such file or directory
 #include <minix/config.h>
                          ^
compilation terminated.
configure:3478: $? = 1
configure: failed program was:
| /* confdefs.h */
| #define PACKAGE_NAME "GeoIP"
| #define PACKAGE_TARNAME "GeoIP"
| #define PACKAGE_VERSION "1.5.0"
| #define PACKAGE_STRING "GeoIP 1.5.0"
| #define PACKAGE_BUGREPORT "support@maxmind.com"
| #define PACKAGE_URL ""
| #define STDC_HEADERS 1
| #define HAVE_SYS_TYPES_H 1
| #define HAVE_SYS_STAT_H 1
| #define HAVE_STDLIB_H 1
| #define HAVE_STRING_H 1
| #define HAVE_MEMORY_H 1
| #define HAVE_STRINGS_H 1
| #define HAVE_INTTYPES_H 1
| #define HAVE_STDINT_H 1
| #define HAVE_UNISTD_H 1
| /* end confdefs.h.  */
| #include <stdio.h>
| #ifdef HAVE_SYS_TYPES_H
| # include <sys/types.h>
| #endif
| #ifdef HAVE_SYS_STAT_H
| # include <sys/stat.h>
| #endif
| #ifdef STDC_HEADERS
| # include <stdlib.h>
| # include <stddef.h>
| #else
| # ifdef HAVE_STDLIB_H
| #  include <stdlib.h>
| # endif
| #endif
| #ifdef HAVE_STRING_H
| # if !defined STDC_HEADERS && defined HAVE_MEMORY_H
| #  include <memory.h>
| # endif
| # include <string.h>
| #endif
| #ifdef HAVE_STRINGS_H
| # include <strings.h>
| #endif
| #ifdef HAVE_INTTYPES_H
| # include <inttypes.h>
| #endif
| #ifdef HAVE_STDINT_H
| # include <stdint.h>
| #endif
| #ifdef HAVE_UNISTD_H
| # include <unistd.h>
| #endif
| #include <minix/config.h>
configure:3478: result: no
configure:3478: checking minix/config.h presence
configure:3478: gcc -E  conftest.c
conftest.c:19:26: fatal error: minix/config.h: No such file or directory
 #include <minix/config.h>
                          ^
compilation terminated.
configure:3478: $? = 1
configure: failed program was:
| /* confdefs.h */
| #define PACKAGE_NAME "GeoIP"
| #define PACKAGE_TARNAME "GeoIP"
| #define PACKAGE_VERSION "1.5.0"
| #define PACKAGE_STRING "GeoIP 1.5.0"
| #define PACKAGE_BUGREPORT "support@maxmind.com"
| #define PACKAGE_URL ""
| #define STDC_HEADERS 1
| #define HAVE_SYS_TYPES_H 1
| #define HAVE_SYS_STAT_H 1
| #define HAVE_STDLIB_H 1
| #define HAVE_STRING_H 1
| #define HAVE_MEMORY_H 1
| #define HAVE_STRINGS_H 1
| #define HAVE_INTTYPES_H 1
| #define HAVE_STDINT_H 1
| #define HAVE_UNISTD_H 1
| /* end confdefs.h.  */
| #include <minix/config.h>
configure:3478: result: no
configure:3478: checking for minix/config.h
configure:3478: result: no
configure:3499: checking whether it is safe to define __EXTENSIONS__
configure:3517: gcc -c -g -O2  conftest.c >&5
configure:3517: $? = 0
configure:3524: result: yes
configure:3584: checking for a BSD-compatible install
configure:3652: result: /usr/bin/install -c
configure:3663: checking whether build environment is sane
configure:3713: result: yes
configure:3854: checking for a thread-safe mkdir -p
configure:3893: result: /bin/mkdir -p
configure:3906: checking for gawk
configure:3936: result: no
configure:3906: checking for mawk
configure:3922: found /usr/bin/mawk
configure:3933: result: mawk
configure:3944: checking whether make sets $(MAKE)
configure:3966: result: yes
configure:3996: checking for style of include used by make
configure:4024: result: GNU
configure:4110: checking dependency style of gcc
configure:4221: result: gcc3
configure:4289: checking for gcc
configure:4316: result: gcc
configure:4545: checking for C compiler version
configure:4554: gcc --version >&5
gcc (Ubuntu 4.8.2-19ubuntu1) 4.8.2
Copyright (C) 2013 Free Software Foundation, Inc.
This is free software; see the source for copying conditions.  There is NO
warranty; not even for MERCHANTABILITY or FITNESS FOR A PARTICULAR PURPOSE.

configure:4565: $? = 0
configure:4554: gcc -v >&5
Using built-in specs.
COLLECT_GCC=gcc
COLLECT_LTO_WRAPPER=/usr/lib/gcc/x86_64-linux-gnu/4.8/lto-wrapper
Target: x86_64-linux-gnu
Configured with: ../src/configure -v --with-pkgversion='Ubuntu 4.8.2-19ubuntu1' --with-bugurl=file:///usr/share/doc/gcc-4.8/README.Bugs --enable-languages=c,c++,java,go,d,fortran,objc,obj-c++ --prefix=/usr --program-suffix=-4.8 --enable-shared --enable-linker-build-id --libexecdir=/usr/lib --without-included-gettext --enable-threads=posix --with-gxx-include-dir=/usr/include/c++/4.8 --libdir=/usr/lib --enable-nls --with-sysroot=/ --enable-clocale=gnu --enable-libstdcxx-debug --enable-libstdcxx-time=yes --enable-gnu-unique-object --disable-libmudflap --enable-plugin --with-system-zlib --disable-browser-plugin --enable-java-awt=gtk --enable-gtk-cairo --with-java-home=/usr/lib/jvm/java-1.5.0-gcj-4.8-amd64/jre --enable-java-home --with-jvm-root-dir=/usr/lib/jvm/java-1.5.0-gcj-4.8-amd64 --with-jvm-jar-dir=/usr/lib/jvm-exports/java-1.5.0-gcj-4.8-amd64 --with-arch-directory=amd64 --with-ecj-jar=/usr/share/java/eclipse-ecj.jar --enable-objc-gc --enable-multiarch --disable-werror --with-arch-32=i686 --with-abi=m64 --with-multilib-list=m32,m64,mx32 --with-tune=generic --enable-checking=release --build=x86_64-linux-gnu --host=x86_64-linux-gnu --target=x86_64-linux-gnu
Thread model: posix
gcc version 4.8.2 (Ubuntu 4.8.2-19ubuntu1) 
configure:4565: $? = 0
configure:4554: gcc -V >&5
gcc: error: unrecognized command line option '-V'
gcc: fatal error: no input files
compilation terminated.
configure:4565: $? = 4
configure:4554: gcc -qversion >&5
gcc: error: unrecognized command line option '-qversion'
gcc: fatal error: no input files
compilation terminated.
configure:4565: $? = 4
configure:4569: checking whether we are using the GNU C compiler
configure:4597: result: yes
configure:4606: checking whether gcc accepts -g
configure:4667: result: yes
configure:4684: checking for gcc option to accept ISO C89
configure:4761: result: none needed
configure:4810: checking build system type
configure:4824: result: x86_64-unknown-linux-gnu
configure:4844: checking host system type
configure:4857: result: x86_64-unknown-linux-gnu
configure:4898: checking how to print strings
configure:4925: result: printf
configure:4946: checking for a sed that does not truncate output
configure:5010: result: /bin/sed
configure:5028: checking for fgrep
configure:5090: result: /bin/grep -F
configure:5125: checking for ld used by gcc
configure:5192: result: /usr/bin/ld
configure:5199: checking if the linker (/usr/bin/ld) is GNU ld
configure:5214: result: yes
configure:5226: checking for BSD- or MS-compatible name lister (nm)
configure:5275: result: /usr/bin/nm -B
configure:5405: checking the name lister (/usr/bin/nm -B) interface
configure:5412: gcc -c -g -O2  conftest.c >&5
configure:5415: /usr/bin/nm -B "conftest.o"
configure:5418: output
0000000000000000 B some_variable
configure:5425: result: BSD nm
configure:5428: checking whether ln -s works
configure:5432: result: yes
configure:5440: checking the maximum length of command line arguments
configure:5570: result: 3458764513820540925
configure:5587: checking whether the shell understands some XSI constructs
configure:5597: result: yes
configure:5601: checking whether the shell understands "+="
configure:5607: result: yes
configure:5642: checking how to convert x86_64-unknown-linux-gnu file names to x86_64-unknown-linux-gnu format
configure:5682: result: func_convert_file_noop
configure:5689: checking how to convert x86_64-unknown-linux-gnu file names to toolchain format
configure:5709: result: func_convert_file_noop
configure:5716: checking for /usr/bin/ld option to reload object files
configure:5723: result: -r
configure:5797: checking for objdump
configure:5813: found /usr/bin/objdump
configure:5824: result: objdump
configure:5856: checking how to recognize dependent libraries
configure:6058: result: pass_all
configure:6143: checking for dlltool
configure:6173: result: no
configure:6203: checking how to associate runtime and link libraries
configure:6230: result: printf %s\n
configure:6290: checking for ar
configure:6306: found /usr/bin/ar
configure:6317: result: ar
configure:6354: checking for archiver @FILE support
configure:6371: gcc -c -g -O2  conftest.c >&5
configure:6371: $? = 0
configure:6374: ar cru libconftest.a @conftest.lst >&5
configure:6377: $? = 0
configure:6382: ar cru libconftest.a @conftest.lst >&5
ar: conftest.o: No such file or directory
configure:6385: $? = 1
configure:6397: result: @
configure:6455: checking for strip
configure:6471: found /usr/bin/strip
configure:6482: result: strip
configure:6554: checking for ranlib
configure:6570: found /usr/bin/ranlib
configure:6581: result: ranlib
configure:6683: checking command to parse /usr/bin/nm -B output from gcc object
configure:6803: gcc -c -g -O2  conftest.c >&5
configure:6806: $? = 0
configure:6810: /usr/bin/nm -B conftest.o \| sed -n -e 's/^.*[ ]\([ABCDGIRSTW][ABCDGIRSTW]*\)[ ][ ]*\([_A-Za-z][_A-Za-z0-9]*\)$/\1 \2 \2/p' | sed '/ __gnu_lto/d' \> conftest.nm
configure:6813: $? = 0
configure:6879: gcc -o conftest -g -O2   conftest.c conftstm.o >&5
configure:6882: $? = 0
configure:6920: result: ok
configure:6957: checking for sysroot
configure:6987: result: no
configure:7064: gcc -c -g -O2  conftest.c >&5
configure:7067: $? = 0
configure:7243: checking for mt
configure:7259: found /bin/mt
configure:7270: result: mt
configure:7293: checking if mt is a manifest tool
configure:7299: mt '-?'
configure:7307: result: no
configure:7946: checking for dlfcn.h
configure:7946: gcc -c -g -O2  conftest.c >&5
configure:7946: $? = 0
configure:7946: result: yes
configure:8152: checking for objdir
configure:8167: result: .libs
configure:8434: checking if gcc supports -fno-rtti -fno-exceptions
configure:8452: gcc -c -g -O2  -fno-rtti -fno-exceptions conftest.c >&5
cc1: warning: command line option '-fno-rtti' is valid for C++/ObjC++ but not for C [enabled by default]
configure:8456: $? = 0
configure:8469: result: no
configure:8796: checking for gcc option to produce PIC
configure:8803: result: -fPIC -DPIC
configure:8811: checking if gcc PIC flag -fPIC -DPIC works
configure:8829: gcc -c -g -O2  -fPIC -DPIC -DPIC conftest.c >&5
configure:8833: $? = 0
configure:8846: result: yes
configure:8875: checking if gcc static flag -static works
configure:8903: result: yes
configure:8918: checking if gcc supports -c -o file.o
configure:8939: gcc -c -g -O2  -o out/conftest2.o conftest.c >&5
configure:8943: $? = 0
configure:8965: result: yes
configure:8973: checking if gcc supports -c -o file.o
configure:9020: result: yes
configure:9053: checking whether the gcc linker (/usr/bin/ld -m elf_x86_64) supports shared libraries
configure:10210: result: yes
configure:10247: checking whether -lc should be explicitly linked in
configure:10255: gcc -c -g -O2  conftest.c >&5
configure:10258: $? = 0
configure:10273: gcc -shared  -fPIC -DPIC conftest.o  -v -Wl,-soname -Wl,conftest -o conftest 2\>\&1 \| /bin/grep  -lc  \>/dev/null 2\>\&1
configure:10276: $? = 0
configure:10290: result: no
configure:10450: checking dynamic linker characteristics
configure:10961: gcc -o conftest -g -O2   -Wl,-rpath -Wl,/foo conftest.c  >&5
configure:10961: $? = 0
configure:11195: result: GNU/Linux ld.so
configure:11302: checking how to hardcode library paths into programs
configure:11327: result: immediate
configure:11867: checking whether stripping libraries is possible
configure:11872: result: yes
configure:11907: checking if libtool supports shared libraries
configure:11909: result: yes
configure:11912: checking whether to build shared libraries
configure:11933: result: yes
configure:11936: checking whether to build static libraries
configure:11940: result: yes
configure:11978: checking for byte
configure:11978: gcc -c -g -O2  conftest.c >&5
conftest.c: In function 'main':
conftest.c:64:13: error: 'byte' undeclared (first use in this function)
 if (sizeof (byte))
             ^
conftest.c:64:13: note: each undeclared identifier is reported only once for each function it appears in
configure:11978: $? = 1
configure: failed program was:
| /* confdefs.h */
| #define PACKAGE_NAME "GeoIP"
| #define PACKAGE_TARNAME "GeoIP"
| #define PACKAGE_VERSION "1.5.0"
| #define PACKAGE_STRING "GeoIP 1.5.0"
| #define PACKAGE_BUGREPORT "support@maxmind.com"
| #define PACKAGE_URL ""
| #define STDC_HEADERS 1
| #define HAVE_SYS_TYPES_H 1
| #define HAVE_SYS_STAT_H 1
| #define HAVE_STDLIB_H 1
| #define HAVE_STRING_H 1
| #define HAVE_MEMORY_H 1
| #define HAVE_STRINGS_H 1
| #define HAVE_INTTYPES_H 1
| #define HAVE_STDINT_H 1
| #define HAVE_UNISTD_H 1
| #define __EXTENSIONS__ 1
| #define _ALL_SOURCE 1
| #define _GNU_SOURCE 1
| #define _POSIX_PTHREAD_SEMANTICS 1
| #define _TANDEM_SOURCE 1
| #define PACKAGE "GeoIP"
| #define VERSION "1.5.0"
| #define HAVE_DLFCN_H 1
| #define LT_OBJDIR ".libs/"
| /* end confdefs.h.  */
| #include <stdio.h>
| #ifdef HAVE_SYS_TYPES_H
| # include <sys/types.h>
| #endif
| #ifdef HAVE_SYS_STAT_H
| # include <sys/stat.h>
| #endif
| #ifdef STDC_HEADERS
| # include <stdlib.h>
| # include <stddef.h>
| #else
| # ifdef HAVE_STDLIB_H
| #  include <stdlib.h>
| # endif
| #endif
| #ifdef HAVE_STRING_H
| # if !defined STDC_HEADERS && defined HAVE_MEMORY_H
| #  include <memory.h>
| # endif
| # include <string.h>
| #endif
| #ifdef HAVE_STRINGS_H
| # include <strings.h>
| #endif
| #ifdef HAVE_INTTYPES_H
| # include <inttypes.h>
| #endif
| #ifdef HAVE_STDINT_H
| # include <stdint.h>
| #endif
| #ifdef HAVE_UNISTD_H
| # include <unistd.h>
| #endif
| int
| main ()
| {
| if (sizeof (byte))
| 	 return 0;
|   ;
|   return 0;
| }
configure:11978: result: no
configure:11984: checking for ushort
configure:11984: gcc -c -g -O2  conftest.c >&5
configure:11984: $? = 0
configure:11984: gcc -c -g -O2  conftest.c >&5
conftest.c: In function 'main':
conftest.c:64:21: error: expected expression before ')' token
 if (sizeof ((ushort)))
                     ^
configure:11984: $? = 1
configure: failed program was:
| /* confdefs.h */
| #define PACKAGE_NAME "GeoIP"
| #define PACKAGE_TARNAME "GeoIP"
| #define PACKAGE_VERSION "1.5.0"
| #define PACKAGE_STRING "GeoIP 1.5.0"
| #define PACKAGE_BUGREPORT "support@maxmind.com"
| #define PACKAGE_URL ""
| #define STDC_HEADERS 1
| #define HAVE_SYS_TYPES_H 1
| #define HAVE_SYS_STAT_H 1
| #define HAVE_STDLIB_H 1
| #define HAVE_STRING_H 1
| #define HAVE_MEMORY_H 1
| #define HAVE_STRINGS_H 1
| #define HAVE_INTTYPES_H 1
| #define HAVE_STDINT_H 1
| #define HAVE_UNISTD_H 1
| #define __EXTENSIONS__ 1
| #define _ALL_SOURCE 1
| #define _GNU_SOURCE 1
| #define _POSIX_PTHREAD_SEMANTICS 1
| #define _TANDEM_SOURCE 1
| #define PACKAGE "GeoIP"
| #define VERSION "1.5.0"
| #define HAVE_DLFCN_H 1
| #define LT_OBJDIR ".libs/"
| /* end confdefs.h.  */
| #include <stdio.h>
| #ifdef HAVE_SYS_TYPES_H
| # include <sys/types.h>
| #endif
| #ifdef HAVE_SYS_STAT_H
| # include <sys/stat.h>
| #endif
| #ifdef STDC_HEADERS
| # include <stdlib.h>
| # include <stddef.h>
| #else
| # ifdef HAVE_STDLIB_H
| #  include <stdlib.h>
| # endif
| #endif
| #ifdef HAVE_STRING_H
| # if !defined STDC_HEADERS && defined HAVE_MEMORY_H
| #  include <memory.h>
| # endif
| # include <string.h>
| #endif
| #ifdef HAVE_STRINGS_H
| # include <strings.h>
| #endif
| #ifdef HAVE_INTTYPES_H
| # include <inttypes.h>
| #endif
| #ifdef HAVE_STDINT_H
| # include <stdint.h>
| #endif
| #ifdef HAVE_UNISTD_H
| # include <unistd.h>
| #endif
| int
| main ()
| {
| if (sizeof ((ushort)))
| 	    return 0;
|   ;
|   return 0;
| }
configure:11984: result: yes
configure:11990: checking for ulong
configure:11990: gcc -c -g -O2  conftest.c >&5
configure:11990: $? = 0
configure:11990: gcc -c -g -O2  conftest.c >&5
conftest.c: In function 'main':
conftest.c:65:20: error: expected expression before ')' token
 if (sizeof ((ulong)))
                    ^
configure:11990: $? = 1
configure: failed program was:
| /* confdefs.h */
| #define PACKAGE_NAME "GeoIP"
| #define PACKAGE_TARNAME "GeoIP"
| #define PACKAGE_VERSION "1.5.0"
| #define PACKAGE_STRING "GeoIP 1.5.0"
| #define PACKAGE_BUGREPORT "support@maxmind.com"
| #define PACKAGE_URL ""
| #define STDC_HEADERS 1
| #define HAVE_SYS_TYPES_H 1
| #define HAVE_SYS_STAT_H 1
| #define HAVE_STDLIB_H 1
| #define HAVE_STRING_H 1
| #define HAVE_MEMORY_H 1
| #define HAVE_STRINGS_H 1
| #define HAVE_INTTYPES_H 1
| #define HAVE_STDINT_H 1
| #define HAVE_UNISTD_H 1
| #define __EXTENSIONS__ 1
| #define _ALL_SOURCE 1
| #define _GNU_SOURCE 1
| #define _POSIX_PTHREAD_SEMANTICS 1
| #define _TANDEM_SOURCE 1
| #define PACKAGE "GeoIP"
| #define VERSION "1.5.0"
| #define HAVE_DLFCN_H 1
| #define LT_OBJDIR ".libs/"
| #define HAVE_USHORT_TYPEDEF 1
| /* end confdefs.h.  */
| #include <stdio.h>
| #ifdef HAVE_SYS_TYPES_H
| # include <sys/types.h>
| #endif
| #ifdef HAVE_SYS_STAT_H
| # include <sys/stat.h>
| #endif
| #ifdef STDC_HEADERS
| # include <stdlib.h>
| # include <stddef.h>
| #else
| # ifdef HAVE_STDLIB_H
| #  include <stdlib.h>
| # endif
| #endif
| #ifdef HAVE_STRING_H
| # if !defined STDC_HEADERS && defined HAVE_MEMORY_H
| #  include <memory.h>
| # endif
| # include <string.h>
| #endif
| #ifdef HAVE_STRINGS_H
| # include <strings.h>
| #endif
| #ifdef HAVE_INTTYPES_H
| # include <inttypes.h>
| #endif
| #ifdef HAVE_STDINT_H
| # include <stdint.h>
| #endif
| #ifdef HAVE_UNISTD_H
| # include <unistd.h>
| #endif
| int
| main ()
| {
| if (sizeof ((ulong)))
| 	    return 0;
|   ;
|   return 0;
| }
configure:11990: result: yes
configure:11996: checking for u16
configure:11996: gcc -c -g -O2  conftest.c >&5
conftest.c: In function 'main':
conftest.c:66:13: error: 'u16' undeclared (first use in this function)
 if (sizeof (u16))
             ^
conftest.c:66:13: note: each undeclared identifier is reported only once for each function it appears in
configure:11996: $? = 1
configure: failed program was:
| /* confdefs.h */
| #define PACKAGE_NAME "GeoIP"
| #define PACKAGE_TARNAME "GeoIP"
| #define PACKAGE_VERSION "1.5.0"
| #define PACKAGE_STRING "GeoIP 1.5.0"
| #define PACKAGE_BUGREPORT "support@maxmind.com"
| #define PACKAGE_URL ""
| #define STDC_HEADERS 1
| #define HAVE_SYS_TYPES_H 1
| #define HAVE_SYS_STAT_H 1
| #define HAVE_STDLIB_H 1
| #define HAVE_STRING_H 1
| #define HAVE_MEMORY_H 1
| #define HAVE_STRINGS_H 1
| #define HAVE_INTTYPES_H 1
| #define HAVE_STDINT_H 1
| #define HAVE_UNISTD_H 1
| #define __EXTENSIONS__ 1
| #define _ALL_SOURCE 1
| #define _GNU_SOURCE 1
| #define _POSIX_PTHREAD_SEMANTICS 1
| #define _TANDEM_SOURCE 1
| #define PACKAGE "GeoIP"
| #define VERSION "1.5.0"
| #define HAVE_DLFCN_H 1
| #define LT_OBJDIR ".libs/"
| #define HAVE_USHORT_TYPEDEF 1
| #define HAVE_ULONG_TYPEDEF 1
| /* end confdefs.h.  */
| #include <stdio.h>
| #ifdef HAVE_SYS_TYPES_H
| # include <sys/types.h>
| #endif
| #ifdef HAVE_SYS_STAT_H
| # include <sys/stat.h>
| #endif
| #ifdef STDC_HEADERS
| # include <stdlib.h>
| # include <stddef.h>
| #else
| # ifdef HAVE_STDLIB_H
| #  include <stdlib.h>
| # endif
| #endif
| #ifdef HAVE_STRING_H
| # if !defined STDC_HEADERS && defined HAVE_MEMORY_H
| #  include <memory.h>
| # endif
| # include <string.h>
| #endif
| #ifdef HAVE_STRINGS_H
| # include <strings.h>
| #endif
| #ifdef HAVE_INTTYPES_H
| # include <inttypes.h>
| #endif
| #ifdef HAVE_STDINT_H
| # include <stdint.h>
| #endif
| #ifdef HAVE_UNISTD_H
| # include <unistd.h>
| #endif
| int
| main ()
| {
| if (sizeof (u16))
| 	 return 0;
|   ;
|   return 0;
| }
configure:11996: result: no
configure:12002: checking for u32
configure:12002: gcc -c -g -O2  conftest.c >&5
conftest.c: In function 'main':
conftest.c:66:13: error: 'u32' undeclared (first use in this function)
 if (sizeof (u32))
             ^
conftest.c:66:13: note: each undeclared identifier is reported only once for each function it appears in
configure:12002: $? = 1
configure: failed program was:
| /* confdefs.h */
| #define PACKAGE_NAME "GeoIP"
| #define PACKAGE_TARNAME "GeoIP"
| #define PACKAGE_VERSION "1.5.0"
| #define PACKAGE_STRING "GeoIP 1.5.0"
| #define PACKAGE_BUGREPORT "support@maxmind.com"
| #define PACKAGE_URL ""
| #define STDC_HEADERS 1
| #define HAVE_SYS_TYPES_H 1
| #define HAVE_SYS_STAT_H 1
| #define HAVE_STDLIB_H 1
| #define HAVE_STRING_H 1
| #define HAVE_MEMORY_H 1
| #define HAVE_STRINGS_H 1
| #define HAVE_INTTYPES_H 1
| #define HAVE_STDINT_H 1
| #define HAVE_UNISTD_H 1
| #define __EXTENSIONS__ 1
| #define _ALL_SOURCE 1
| #define _GNU_SOURCE 1
| #define _POSIX_PTHREAD_SEMANTICS 1
| #define _TANDEM_SOURCE 1
| #define PACKAGE "GeoIP"
| #define VERSION "1.5.0"
| #define HAVE_DLFCN_H 1
| #define LT_OBJDIR ".libs/"
| #define HAVE_USHORT_TYPEDEF 1
| #define HAVE_ULONG_TYPEDEF 1
| /* end confdefs.h.  */
| #include <stdio.h>
| #ifdef HAVE_SYS_TYPES_H
| # include <sys/types.h>
| #endif
| #ifdef HAVE_SYS_STAT_H
| # include <sys/stat.h>
| #endif
| #ifdef STDC_HEADERS
| # include <stdlib.h>
| # include <stddef.h>
| #else
| # ifdef HAVE_STDLIB_H
| #  include <stdlib.h>
| # endif
| #endif
| #ifdef HAVE_STRING_H
| # if !defined STDC_HEADERS && defined HAVE_MEMORY_H
| #  include <memory.h>
| # endif
| # include <string.h>
| #endif
| #ifdef HAVE_STRINGS_H
| # include <strings.h>
| #endif
| #ifdef HAVE_INTTYPES_H
| # include <inttypes.h>
| #endif
| #ifdef HAVE_STDINT_H
| # include <stdint.h>
| #endif
| #ifdef HAVE_UNISTD_H
| # include <unistd.h>
| #endif
| int
| main ()
| {
| if (sizeof (u32))
| 	 return 0;
|   ;
|   return 0;
| }
configure:12002: result: no
configure:12009: checking for off_t
configure:12009: gcc -c -g -O2  conftest.c >&5
configure:12009: $? = 0
configure:12009: gcc -c -g -O2  conftest.c >&5
conftest.c: In function 'main':
conftest.c:66:20: error: expected expression before ')' token
 if (sizeof ((off_t)))
                    ^
configure:12009: $? = 1
configure: failed program was:
| /* confdefs.h */
| #define PACKAGE_NAME "GeoIP"
| #define PACKAGE_TARNAME "GeoIP"
| #define PACKAGE_VERSION "1.5.0"
| #define PACKAGE_STRING "GeoIP 1.5.0"
| #define PACKAGE_BUGREPORT "support@maxmind.com"
| #define PACKAGE_URL ""
| #define STDC_HEADERS 1
| #define HAVE_SYS_TYPES_H 1
| #define HAVE_SYS_STAT_H 1
| #define HAVE_STDLIB_H 1
| #define HAVE_STRING_H 1
| #define HAVE_MEMORY_H 1
| #define HAVE_STRINGS_H 1
| #define HAVE_INTTYPES_H 1
| #define HAVE_STDINT_H 1
| #define HAVE_UNISTD_H 1
| #define __EXTENSIONS__ 1
| #define _ALL_SOURCE 1
| #define _GNU_SOURCE 1
| #define _POSIX_PTHREAD_SEMANTICS 1
| #define _TANDEM_SOURCE 1
| #define PACKAGE "GeoIP"
| #define VERSION "1.5.0"
| #define HAVE_DLFCN_H 1
| #define LT_OBJDIR ".libs/"
| #define HAVE_USHORT_TYPEDEF 1
| #define HAVE_ULONG_TYPEDEF 1
| /* end confdefs.h.  */
| #include <stdio.h>
| #ifdef HAVE_SYS_TYPES_H
| # include <sys/types.h>
| #endif
| #ifdef HAVE_SYS_STAT_H
| # include <sys/stat.h>
| #endif
| #ifdef STDC_HEADERS
| # include <stdlib.h>
| # include <stddef.h>
| #else
| # ifdef HAVE_STDLIB_H
| #  include <stdlib.h>
| # endif
| #endif
| #ifdef HAVE_STRING_H
| # if !defined STDC_HEADERS && defined HAVE_MEMORY_H
| #  include <memory.h>
| # endif
| # include <string.h>
| #endif
| #ifdef HAVE_STRINGS_H
| # include <strings.h>
| #endif
| #ifdef HAVE_INTTYPES_H
| # include <inttypes.h>
| #endif
| #ifdef HAVE_STDINT_H
| # include <stdint.h>
| #endif
| #ifdef HAVE_UNISTD_H
| # include <unistd.h>
| #endif
| int
| main ()
| {
| if (sizeof ((off_t)))
| 	    return 0;
|   ;
|   return 0;
| }
configure:12009: result: yes
configure:12020: checking for size_t
configure:12020: gcc -c -g -O2  conftest.c >&5
configure:12020: $? = 0
configure:12020: gcc -c -g -O2  conftest.c >&5
conftest.c: In function 'main':
conftest.c:66:21: error: expected expression before ')' token
 if (sizeof ((size_t)))
                     ^
configure:12020: $? = 1
configure: failed program was:
| /* confdefs.h */
| #define PACKAGE_NAME "GeoIP"
| #define PACKAGE_TARNAME "GeoIP"
| #define PACKAGE_VERSION "1.5.0"
| #define PACKAGE_STRING "GeoIP 1.5.0"
| #define PACKAGE_BUGREPORT "support@maxmind.com"
| #define PACKAGE_URL ""
| #define STDC_HEADERS 1
| #define HAVE_SYS_TYPES_H 1
| #define HAVE_SYS_STAT_H 1
| #define HAVE_STDLIB_H 1
| #define HAVE_STRING_H 1
| #define HAVE_MEMORY_H 1
| #define HAVE_STRINGS_H 1
| #define HAVE_INTTYPES_H 1
| #define HAVE_STDINT_H 1
| #define HAVE_UNISTD_H 1
| #define __EXTENSIONS__ 1
| #define _ALL_SOURCE 1
| #define _GNU_SOURCE 1
| #define _POSIX_PTHREAD_SEMANTICS 1
| #define _TANDEM_SOURCE 1
| #define PACKAGE "GeoIP"
| #define VERSION "1.5.0"
| #define HAVE_DLFCN_H 1
| #define LT_OBJDIR ".libs/"
| #define HAVE_USHORT_TYPEDEF 1
| #define HAVE_ULONG_TYPEDEF 1
| /* end confdefs.h.  */
| #include <stdio.h>
| #ifdef HAVE_SYS_TYPES_H
| # include <sys/types.h>
| #endif
| #ifdef HAVE_SYS_STAT_H
| # include <sys/stat.h>
| #endif
| #ifdef STDC_HEADERS
| # include <stdlib.h>
| # include <stddef.h>
| #else
| # ifdef HAVE_STDLIB_H
| #  include <stdlib.h>
| # endif
| #endif
| #ifdef HAVE_STRING_H
| # if !defined STDC_HEADERS && defined HAVE_MEMORY_H
| #  include <memory.h>
| # endif
| # include <string.h>
| #endif
| #ifdef HAVE_STRINGS_H
| # include <strings.h>
| #endif
| #ifdef HAVE_INTTYPES_H
| # include <inttypes.h>
| #endif
| #ifdef HAVE_STDINT_H
| # include <stdint.h>
| #endif
| #ifdef HAVE_UNISTD_H
| # include <unistd.h>
| #endif
| int
| main ()
| {
| if (sizeof ((size_t)))
| 	    return 0;
|   ;
|   return 0;
| }
configure:12020: result: yes
configure:12031: checking for ssize_t
configure:12031: gcc -c -g -O2  conftest.c >&5
configure:12031: $? = 0
configure:12031: gcc -c -g -O2  conftest.c >&5
conftest.c: In function 'main':
conftest.c:66:22: error: expected expression before ')' token
 if (sizeof ((ssize_t)))
                      ^
configure:12031: $? = 1
configure: failed program was:
| /* confdefs.h */
| #define PACKAGE_NAME "GeoIP"
| #define PACKAGE_TARNAME "GeoIP"
| #define PACKAGE_VERSION "1.5.0"
| #define PACKAGE_STRING "GeoIP 1.5.0"
| #define PACKAGE_BUGREPORT "support@maxmind.com"
| #define PACKAGE_URL ""
| #define STDC_HEADERS 1
| #define HAVE_SYS_TYPES_H 1
| #define HAVE_SYS_STAT_H 1
| #define HAVE_STDLIB_H 1
| #define HAVE_STRING_H 1
| #define HAVE_MEMORY_H 1
| #define HAVE_STRINGS_H 1
| #define HAVE_INTTYPES_H 1
| #define HAVE_STDINT_H 1
| #define HAVE_UNISTD_H 1
| #define __EXTENSIONS__ 1
| #define _ALL_SOURCE 1
| #define _GNU_SOURCE 1
| #define _POSIX_PTHREAD_SEMANTICS 1
| #define _TANDEM_SOURCE 1
| #define PACKAGE "GeoIP"
| #define VERSION "1.5.0"
| #define HAVE_DLFCN_H 1
| #define LT_OBJDIR ".libs/"
| #define HAVE_USHORT_TYPEDEF 1
| #define HAVE_ULONG_TYPEDEF 1
| /* end confdefs.h.  */
| #include <stdio.h>
| #ifdef HAVE_SYS_TYPES_H
| # include <sys/types.h>
| #endif
| #ifdef HAVE_SYS_STAT_H
| # include <sys/stat.h>
| #endif
| #ifdef STDC_HEADERS
| # include <stdlib.h>
| # include <stddef.h>
| #else
| # ifdef HAVE_STDLIB_H
| #  include <stdlib.h>
| # endif
| #endif
| #ifdef HAVE_STRING_H
| # if !defined STDC_HEADERS && defined HAVE_MEMORY_H
| #  include <memory.h>
| # endif
| # include <string.h>
| #endif
| #ifdef HAVE_STRINGS_H
| # include <strings.h>
| #endif
| #ifdef HAVE_INTTYPES_H
| # include <inttypes.h>
| #endif
| #ifdef HAVE_STDINT_H
| # include <stdint.h>
| #endif
| #ifdef HAVE_UNISTD_H
| # include <unistd.h>
| #endif
| int
| main ()
| {
| if (sizeof ((ssize_t)))
| 	    return 0;
|   ;
|   return 0;
| }
configure:12031: result: yes
configure:12042: checking for uint32_t
configure:12042: gcc -c -g -O2  conftest.c >&5
configure:12042: $? = 0
configure:12042: result: yes
configure:12057: checking whether byte ordering is bigendian
configure:12072: gcc -c -g -O2  conftest.c >&5
conftest.c:31:9: error: unknown type name 'not'
         not a universal capable compiler
         ^
conftest.c:31:15: error: expected '=', ',', ';', 'asm' or '__attribute__' before 'universal'
         not a universal capable compiler
               ^
conftest.c:31:15: error: unknown type name 'universal'
configure:12072: $? = 1
configure: failed program was:
| /* confdefs.h */
| #define PACKAGE_NAME "GeoIP"
| #define PACKAGE_TARNAME "GeoIP"
| #define PACKAGE_VERSION "1.5.0"
| #define PACKAGE_STRING "GeoIP 1.5.0"
| #define PACKAGE_BUGREPORT "support@maxmind.com"
| #define PACKAGE_URL ""
| #define STDC_HEADERS 1
| #define HAVE_SYS_TYPES_H 1
| #define HAVE_SYS_STAT_H 1
| #define HAVE_STDLIB_H 1
| #define HAVE_STRING_H 1
| #define HAVE_MEMORY_H 1
| #define HAVE_STRINGS_H 1
| #define HAVE_INTTYPES_H 1
| #define HAVE_STDINT_H 1
| #define HAVE_UNISTD_H 1
| #define __EXTENSIONS__ 1
| #define _ALL_SOURCE 1
| #define _GNU_SOURCE 1
| #define _POSIX_PTHREAD_SEMANTICS 1
| #define _TANDEM_SOURCE 1
| #define PACKAGE "GeoIP"
| #define VERSION "1.5.0"
| #define HAVE_DLFCN_H 1
| #define LT_OBJDIR ".libs/"
| #define HAVE_USHORT_TYPEDEF 1
| #define HAVE_ULONG_TYPEDEF 1
| /* end confdefs.h.  */
| #ifndef __APPLE_CC__
| 	       not a universal capable compiler
| 	     #endif
| 	     typedef int dummy;
| 
configure:12117: gcc -c -g -O2  conftest.c >&5
configure:12117: $? = 0
configure:12135: gcc -c -g -O2  conftest.c >&5
conftest.c: In function 'main':
conftest.c:37:4: error: unknown type name 'not'
    not big endian
    ^
conftest.c:37:12: error: expected '=', ',', ';', 'asm' or '__attribute__' before 'endian'
    not big endian
            ^
configure:12135: $? = 1
configure: failed program was:
| /* confdefs.h */
| #define PACKAGE_NAME "GeoIP"
| #define PACKAGE_TARNAME "GeoIP"
| #define PACKAGE_VERSION "1.5.0"
| #define PACKAGE_STRING "GeoIP 1.5.0"
| #define PACKAGE_BUGREPORT "support@maxmind.com"
| #define PACKAGE_URL ""
| #define STDC_HEADERS 1
| #define HAVE_SYS_TYPES_H 1
| #define HAVE_SYS_STAT_H 1
| #define HAVE_STDLIB_H 1
| #define HAVE_STRING_H 1
| #define HAVE_MEMORY_H 1
| #define HAVE_STRINGS_H 1
| #define HAVE_INTTYPES_H 1
| #define HAVE_STDINT_H 1
| #define HAVE_UNISTD_H 1
| #define __EXTENSIONS__ 1
| #define _ALL_SOURCE 1
| #define _GNU_SOURCE 1
| #define _POSIX_PTHREAD_SEMANTICS 1
| #define _TANDEM_SOURCE 1
| #define PACKAGE "GeoIP"
| #define VERSION "1.5.0"
| #define HAVE_DLFCN_H 1
| #define LT_OBJDIR ".libs/"
| #define HAVE_USHORT_TYPEDEF 1
| #define HAVE_ULONG_TYPEDEF 1
| /* end confdefs.h.  */
| #include <sys/types.h>
| 		#include <sys/param.h>
| 
| int
| main ()
| {
| #if BYTE_ORDER != BIG_ENDIAN
| 		 not big endian
| 		#endif
| 
|   ;
|   return 0;
| }
configure:12263: result: no
configure:12285: checking for stdint.h
configure:12285: result: yes
configure:12297: checking zlib.h usability
configure:12297: gcc -c -g -O2  conftest.c >&5
configure:12297: $? = 0
configure:12297: result: yes
configure:12297: checking zlib.h presence
configure:12297: gcc -E  conftest.c
configure:12297: $? = 0
configure:12297: result: yes
configure:12297: checking for zlib.h
configure:12297: result: yes
configure:12310: checking for getopt
configure:12310: gcc -o conftest -g -O2   conftest.c  >&5
configure:12310: $? = 0
configure:12310: result: yes
configure:12316: checking for gettimeofday
configure:12316: gcc -o conftest -g -O2   conftest.c  >&5
configure:12316: $? = 0
configure:12316: result: yes
configure:12322: checking for pread
configure:12322: gcc -o conftest -g -O2   conftest.c  >&5
configure:12322: $? = 0
configure:12322: result: yes
configure:12328: checking for vasprintf
configure:12328: gcc -o conftest -g -O2   conftest.c  >&5
configure:12328: $? = 0
configure:12328: result: yes
configure:12334: checking for vsnprintf
configure:12334: gcc -o conftest -g -O2   conftest.c  >&5
conftest.c:60:6: warning: conflicting types for built-in function 'vsnprintf' [enabled by default]
 char vsnprintf ();
      ^
configure:12334: $? = 0
configure:12334: result: yes
configure:12340: checking for vsprintf
configure:12340: gcc -o conftest -g -O2   conftest.c  >&5
conftest.c:61:6: warning: conflicting types for built-in function 'vsprintf' [enabled by default]
 char vsprintf ();
      ^
configure:12340: $? = 0
configure:12340: result: yes
configure:12347: checking for gethostbyname
configure:12347: gcc -o conftest -g -O2   conftest.c  >&5
configure:12347: $? = 0
configure:12347: result: yes
configure:12397: checking for gethostbyname_r
configure:12397: gcc -o conftest -g -O2   conftest.c  >&5
configure:12397: $? = 0
configure:12397: result: yes
configure:12424: checking for memset
configure:12424: gcc -o conftest -g -O2   conftest.c  >&5
conftest.c:65:6: warning: conflicting types for built-in function 'memset' [enabled by default]
 char memset ();
      ^
configure:12424: $? = 0
configure:12424: result: yes
configure:12424: checking for socket
configure:12424: gcc -o conftest -g -O2   conftest.c  >&5
configure:12424: $? = 0
configure:12424: result: yes
configure:12424: checking for strchr
configure:12424: gcc -o conftest -g -O2   conftest.c  >&5
conftest.c:67:6: warning: conflicting types for built-in function 'strchr' [enabled by default]
 char strchr ();
      ^
configure:12424: $? = 0
configure:12424: result: yes
configure:12424: checking for strdup
configure:12424: gcc -o conftest -g -O2   conftest.c  >&5
conftest.c:68:6: warning: conflicting types for built-in function 'strdup' [enabled by default]
 char strdup ();
      ^
configure:12424: $? = 0
configure:12424: result: yes
configure:12424: checking for strstr
configure:12424: gcc -o conftest -g -O2   conftest.c  >&5
conftest.c:69:6: warning: conflicting types for built-in function 'strstr' [enabled by default]
 char strstr ();
      ^
configure:12424: $? = 0
configure:12424: result: yes
configure:12436: checking for stdlib.h
configure:12436: result: yes
configure:12446: checking for GNU libc compatible malloc
configure:12470: gcc -o conftest -g -O2   conftest.c  >&5
configure:12470: $? = 0
configure:12470: ./conftest
configure:12470: $? = 0
configure:12480: result: yes
configure:12503: checking for stdlib.h
configure:12503: result: yes
configure:12513: checking for GNU libc compatible realloc
configure:12537: gcc -o conftest -g -O2   conftest.c  >&5
configure:12537: $? = 0
configure:12537: ./conftest
configure:12537: $? = 0
configure:12547: result: yes
configure:12749: creating ./config.status

## ---------------- ##
## Cache variables. ##
## ---------------- ##

ac_cv_build=x86_64-unknown-linux-gnu
ac_cv_c_bigendian=no
ac_cv_c_compiler_gnu=yes
ac_cv_c_uint32_t=yes
ac_cv_env_CC_set=
ac_cv_env_CC_value=
ac_cv_env_CFLAGS_set=
ac_cv_env_CFLAGS_value=
ac_cv_env_CPPFLAGS_set=
ac_cv_env_CPPFLAGS_value=
ac_cv_env_CPP_set=
ac_cv_env_CPP_value=
ac_cv_env_LDFLAGS_set=
ac_cv_env_LDFLAGS_value=
ac_cv_env_LIBS_set=
ac_cv_env_LIBS_value=
ac_cv_env_build_alias_set=
ac_cv_env_build_alias_value=
ac_cv_env_host_alias_set=
ac_cv_env_host_alias_value=
ac_cv_env_target_alias_set=
ac_cv_env_target_alias_value=
ac_cv_func_gethostbyname=yes
ac_cv_func_gethostbyname_r=yes
ac_cv_func_getopt=yes
ac_cv_func_gettimeofday=yes
ac_cv_func_malloc_0_nonnull=yes
ac_cv_func_memset=yes
ac_cv_func_pread=yes
ac_cv_func_realloc_0_nonnull=yes
ac_cv_func_socket=yes
ac_cv_func_strchr=yes
ac_cv_func_strdup=yes
ac_cv_func_strstr=yes
ac_cv_func_vasprintf=yes
ac_cv_func_vsnprintf=yes
ac_cv_func_vsprintf=yes
ac_cv_header_dlfcn_h=yes
ac_cv_header_inttypes_h=yes
ac_cv_header_memory_h=yes
ac_cv_header_minix_config_h=no
ac_cv_header_stdc=yes
ac_cv_header_stdint_h=yes
ac_cv_header_stdlib_h=yes
ac_cv_header_string_h=yes
ac_cv_header_strings_h=yes
ac_cv_header_sys_stat_h=yes
ac_cv_header_sys_types_h=yes
ac_cv_header_unistd_h=yes
ac_cv_header_zlib_h=yes
ac_cv_host=x86_64-unknown-linux-gnu
ac_cv_objext=o
ac_cv_path_EGREP='/bin/grep -E'
ac_cv_path_FGREP='/bin/grep -F'
ac_cv_path_GREP=/bin/grep
ac_cv_path_SED=/bin/sed
ac_cv_path_install='/usr/bin/install -c'
ac_cv_path_mkdir=/bin/mkdir
ac_cv_prog_AWK=mawk
ac_cv_prog_CPP='gcc -E'
ac_cv_prog_ac_ct_AR=ar
ac_cv_prog_ac_ct_CC=gcc
ac_cv_prog_ac_ct_MANIFEST_TOOL=mt
ac_cv_prog_ac_ct_OBJDUMP=objdump
ac_cv_prog_ac_ct_RANLIB=ranlib
ac_cv_prog_ac_ct_STRIP=strip
ac_cv_prog_cc_c89=
ac_cv_prog_cc_g=yes
ac_cv_prog_make_make_set=yes
ac_cv_safe_to_define___extensions__=yes
ac_cv_type_byte=no
ac_cv_type_off_t=yes
ac_cv_type_size_t=yes
ac_cv_type_ssize_t=yes
ac_cv_type_u16=no
ac_cv_type_u32=no
ac_cv_type_ulong=yes
ac_cv_type_ushort=yes
am_cv_CC_dependencies_compiler_type=gcc3
lt_cv_ar_at_file=@
lt_cv_archive_cmds_need_lc=no
lt_cv_deplibs_check_method=pass_all
lt_cv_file_magic_cmd='$MAGIC_CMD'
lt_cv_file_magic_test_file=
lt_cv_ld_reload_flag=-r
lt_cv_nm_interface='BSD nm'
lt_cv_objdir=.libs
lt_cv_path_LD=/usr/bin/ld
lt_cv_path_NM='/usr/bin/nm -B'
lt_cv_path_mainfest_tool=no
lt_cv_prog_compiler_c_o=yes
lt_cv_prog_compiler_pic='-fPIC -DPIC'
lt_cv_prog_compiler_pic_works=yes
lt_cv_prog_compiler_rtti_exceptions=no
lt_cv_prog_compiler_static_works=yes
lt_cv_prog_gnu_ld=yes
lt_cv_sharedlib_from_linklib_cmd='printf %s\n'
lt_cv_shlibpath_overrides_runpath=no
lt_cv_sys_global_symbol_pipe='sed -n -e '\''s/^.*[	 ]\([ABCDGIRSTW][ABCDGIRSTW]*\)[	 ][	 ]*\([_A-Za-z][_A-Za-z0-9]*\)$/\1 \2 \2/p'\'' | sed '\''/ __gnu_lto/d'\'''
lt_cv_sys_global_symbol_to_c_name_address='sed -n -e '\''s/^: \([^ ]*\)[ ]*$/  {\"\1\", (void *) 0},/p'\'' -e '\''s/^[ABCDGIRSTW]* \([^ ]*\) \([^ ]*\)$/  {"\2", (void *) \&\2},/p'\'''
lt_cv_sys_global_symbol_to_c_name_address_lib_prefix='sed -n -e '\''s/^: \([^ ]*\)[ ]*$/  {\"\1\", (void *) 0},/p'\'' -e '\''s/^[ABCDGIRSTW]* \([^ ]*\) \(lib[^ ]*\)$/  {"\2", (void *) \&\2},/p'\'' -e '\''s/^[ABCDGIRSTW]* \([^ ]*\) \([^ ]*\)$/  {"lib\2", (void *) \&\2},/p'\'''
lt_cv_sys_global_symbol_to_cdecl='sed -n -e '\''s/^T .* \(.*\)$/extern int \1();/p'\'' -e '\''s/^[ABCDGIRSTW]* .* \(.*\)$/extern char \1;/p'\'''
lt_cv_sys_max_cmd_len=3458764513820540925
lt_cv_to_host_file_cmd=func_convert_file_noop
lt_cv_to_tool_file_cmd=func_convert_file_noop

## ----------------- ##
## Output variables. ##
## ----------------- ##

ACLOCAL='${SHELL} /home/shajf/WSEngine/lib/GeoIP-1.5.0/missing --run aclocal-1.11'
AMDEPBACKSLASH='\'
AMDEP_FALSE='#'
AMDEP_TRUE=''
AMTAR='$${TAR-tar}'
AR='ar'
AUTOCONF='${SHELL} /home/shajf/WSEngine/lib/GeoIP-1.5.0/missing --run autoconf'
AUTOHEADER='${SHELL} /home/shajf/WSEngine/lib/GeoIP-1.5.0/missing --run autoheader'
AUTOMAKE='${SHELL} /home/shajf/WSEngine/lib/GeoIP-1.5.0/missing --run automake-1.11'
AWK='mawk'
CC='gcc'
CCDEPMODE='depmode=gcc3'
CFLAGS='-g -O2'
CPP='gcc -E'
CPPFLAGS=''
CYGPATH_W='echo'
DEFS='-DPACKAGE_NAME=\"GeoIP\" -DPACKAGE_TARNAME=\"GeoIP\" -DPACKAGE_VERSION=\"1.5.0\" -DPACKAGE_STRING=\"GeoIP\ 1.5.0\" -DPACKAGE_BUGREPORT=\"support@maxmind.com\" -DPACKAGE_URL=\"\" -DSTDC_HEADERS=1 -DHAVE_SYS_TYPES_H=1 -DHAVE_SYS_STAT_H=1 -DHAVE_STDLIB_H=1 -DHAVE_STRING_H=1 -DHAVE_MEMORY_H=1 -DHAVE_STRINGS_H=1 -DHAVE_INTTYPES_H=1 -DHAVE_STDINT_H=1 -DHAVE_UNISTD_H=1 -D__EXTENSIONS__=1 -D_ALL_SOURCE=1 -D_GNU_SOURCE=1 -D_POSIX_PTHREAD_SEMANTICS=1 -D_TANDEM_SOURCE=1 -DPACKAGE=\"GeoIP\" -DVERSION=\"1.5.0\" -DHAVE_DLFCN_H=1 -DLT_OBJDIR=\".libs/\" -DHAVE_USHORT_TYPEDEF=1 -DHAVE_ULONG_TYPEDEF=1 -DLITTLE_ENDIAN_HOST=1 -DHAVE_STDINT_H=1 -DHAVE_ZLIB_H=1 -DHAVE_GETOPT=1 -DHAVE_GETTIMEOFDAY=1 -DHAVE_PREAD=1 -DHAVE_VASPRINTF=1 -DHAVE_VSNPRINTF=1 -DHAVE_VSPRINTF=1 -DHAVE_GETHOSTBYNAME=1 -DHAVE_GETHOSTBYNAME_R=1 -DGETHOSTBYNAME_R_RETURNS_INT=1 -DHAVE_MEMSET=1 -DHAVE_SOCKET=1 -DHAVE_STRCHR=1 -DHAVE_STRDUP=1 -DHAVE_STRSTR=1 -DHAVE_STDLIB_H=1 -DHAVE_MALLOC=1 -DHAVE_STDLIB_H=1 -DHAVE_REALLOC=1'
DEPDIR='.deps'
DLLTOOL='false'
DSYMUTIL=''
DUMPBIN=''
ECHO_C=''
ECHO_N='-n'
ECHO_T=''
EGREP='/bin/grep -E'
EXEEXT=''
FGREP='/bin/grep -F'
GEOIP_DB_FILE='GeoIP.dat'
GEOIP_VERSION_INFO='6:0:5'
GREP='/bin/grep'
INSTALL_DATA='${INSTALL} -m 644'
INSTALL_PROGRAM='${INSTALL}'
INSTALL_SCRIPT='${INSTALL}'
INSTALL_STRIP_PROGRAM='$(install_sh) -c -s'
LD='/usr/bin/ld -m elf_x86_64'
LDFLAGS=''
LIBOBJS=''
LIBS=''
LIBTOOL='$(SHELL) $(top_builddir)/libtool'
LIPO=''
LN_S='ln -s'
LTLIBOBJS=''
MAKEINFO='${SHELL} /home/shajf/WSEngine/lib/GeoIP-1.5.0/missing --run makeinfo'
MANIFEST_TOOL=':'
MKDIR_P='/bin/mkdir -p'
NM='/usr/bin/nm -B'
NMEDIT=''
OBJDUMP='objdump'
OBJEXT='o'
OTOOL64=''
OTOOL=''
PACKAGE='GeoIP'
PACKAGE_BUGREPORT='support@maxmind.com'
PACKAGE_NAME='GeoIP'
PACKAGE_STRING='GeoIP 1.5.0'
PACKAGE_TARNAME='GeoIP'
PACKAGE_URL=''
PACKAGE_VERSION='1.5.0'
PATH_SEPARATOR=':'
RANLIB='ranlib'
SED='/bin/sed'
SET_MAKE=''
SHELL='/bin/bash'
STRIP='strip'
VERSION='1.5.0'
ac_ct_AR='ar'
ac_ct_CC='gcc'
ac_ct_DUMPBIN=''
am__EXEEXT_FALSE=''
am__EXEEXT_TRUE='#'
am__fastdepCC_FALSE='#'
am__fastdepCC_TRUE=''
am__include='include'
am__isrc=''
am__leading_dot='.'
am__nodep='_no'
am__quote=''
am__tar='$${TAR-tar} chof - "$$tardir"'
am__untar='$${TAR-tar} xf -'
bindir='${exec_prefix}/bin'
build='x86_64-unknown-linux-gnu'
build_alias=''
build_cpu='x86_64'
build_os='linux-gnu'
build_vendor='unknown'
datadir='${datarootdir}'
datarootdir='${prefix}/share'
docdir='${datarootdir}/doc/${PACKAGE_TARNAME}'
dvidir='${docdir}'
exec_prefix='${prefix}'
host='x86_64-unknown-linux-gnu'
host_alias=''
host_cpu='x86_64'
host_os='linux-gnu'
host_vendor='unknown'
htmldir='${docdir}'
includedir='${prefix}/include'
infodir='${datarootdir}/info'
install_sh='${SHELL} /home/shajf/WSEngine/lib/GeoIP-1.5.0/install-sh'
libdir='${exec_prefix}/lib'
libexecdir='${exec_prefix}/libexec'
localedir='${datarootdir}/locale'
localstatedir='${prefix}/var'
mandir='${datarootdir}/man'
mkdir_p='/bin/mkdir -p'
oldincludedir='/usr/include'
pdfdir='${docdir}'
prefix='/usr/local'
program_transform_name='s,x,x,'
psdir='${docdir}'
sbindir='${exec_prefix}/sbin'
sharedstatedir='${prefix}/com'
sysconfdir='${prefix}/etc'
target_alias=''

## ----------- ##
## confdefs.h. ##
## ----------- ##

/* confdefs.h */
#define PACKAGE_NAME "GeoIP"
#define PACKAGE_TARNAME "GeoIP"
#define PACKAGE_VERSION "1.5.0"
#define PACKAGE_STRING "GeoIP 1.5.0"
#define PACKAGE_BUGREPORT "support@maxmind.com"
#define PACKAGE_URL ""
#define STDC_HEADERS 1
#define HAVE_SYS_TYPES_H 1
#define HAVE_SYS_STAT_H 1
#define HAVE_STDLIB_H 1
#define HAVE_STRING_H 1
#define HAVE_MEMORY_H 1
#define HAVE_STRINGS_H 1
#define HAVE_INTTYPES_H 1
#define HAVE_STDINT_H 1
#define HAVE_UNISTD_H 1
#define __EXTENSIONS__ 1
#define _ALL_SOURCE 1
#define _GNU_SOURCE 1
#define _POSIX_PTHREAD_SEMANTICS 1
#define _TANDEM_SOURCE 1
#define PACKAGE "GeoIP"
#define VERSION "1.5.0"
#define HAVE_DLFCN_H 1
#define LT_OBJDIR ".libs/"
#define HAVE_USHORT_TYPEDEF 1
#define HAVE_ULONG_TYPEDEF 1
#define LITTLE_ENDIAN_HOST 1
#define HAVE_STDINT_H 1
#define HAVE_ZLIB_H 1
#define HAVE_GETOPT 1
#define HAVE_GETTIMEOFDAY 1
#define HAVE_PREAD 1
#define HAVE_VASPRINTF 1
#define HAVE_VSNPRINTF 1
#define HAVE_VSPRINTF 1
#define HAVE_GETHOSTBYNAME 1
#define HAVE_GETHOSTBYNAME_R 1
#define GETHOSTBYNAME_R_RETURNS_INT 1
#define HAVE_MEMSET 1
#define HAVE_SOCKET 1
#define HAVE_STRCHR 1
#define HAVE_STRDUP 1
#define HAVE_STRSTR 1
#define HAVE_STDLIB_H 1
#define HAVE_MALLOC 1
#define HAVE_STDLIB_H 1
#define HAVE_REALLOC 1

configure: exit 0

## ---------------------- ##
## Running config.status. ##
## ---------------------- ##

This file was extended by GeoIP config.status 1.5.0, which was
generated by GNU Autoconf 2.68.  Invocation command line was

  CONFIG_FILES    = 
  CONFIG_HEADERS  = 
  CONFIG_LINKS    = 
  CONFIG_COMMANDS = 
  $ ./config.status 

on shajf-108

config.status:1024: creating Makefile
config.status:1024: creating GeoIP.spec
config.status:1024: creating geoip.pc
config.status:1024: creating libGeoIP/Makefile
config.status:1024: creating apps/Makefile
config.status:1024: creating conf/Makefile
config.status:1024: creating data/Makefile
config.status:1024: creating man/Makefile
config.status:1024: creating test/Makefile
config.status:1196: executing depfiles commands
config.status:1196: executing libtool commands
